<?xml version="1.0" encoding="UTF-8"?>
<!-- Generated by org.testng.reporters.JUnitReportReporter -->
<testsuite hostname="DESKTOP-183MPDU" failures="0" tests="3" name="Assessment.PlanitAutomationAssessment.ShopPageTest" time="18.592" errors="0" timestamp="2021-07-26T01:26:30 AEST" skipped="0">
  <testcase classname="Assessment.PlanitAutomationAssessment.ShopPageTest" name="navigateToShop" time="0.520"/>
  <system-out/>
  <testcase classname="Assessment.PlanitAutomationAssessment.ShopPageTest" name="verifyShop" time="3.128"/>
  <system-out/>
  <testcase classname="Assessment.PlanitAutomationAssessment.ShopPageTest" name="verifyCart" time="14.944"/>
  <system-out/>
</testsuite> <!-- Assessment.PlanitAutomationAssessment.ShopPageTest -->
