<?xml version="1.0" encoding="UTF-8"?>
<!-- Generated by org.testng.reporters.JUnitReportReporter -->
<testsuite hostname="DESKTOP-183MPDU" failures="0" tests="2" name="Assessment.PlanitAutomationAssessment.HomePageTest" time="30.687" errors="0" timestamp="2021-07-25T14:52:27 AEST" skipped="0">
  <testcase classname="Assessment.PlanitAutomationAssessment.HomePageTest" name="navigateToContact" time="0.113"/>
  <system-out/>
  <testcase classname="Assessment.PlanitAutomationAssessment.HomePageTest" name="validateErrorMessages" time="30.574"/>
  <system-out/>
</testsuite> <!-- Assessment.PlanitAutomationAssessment.HomePageTest -->
