<?xml version="1.0" encoding="UTF-8"?>
<!-- Generated by org.testng.reporters.JUnitReportReporter -->
<testsuite hostname="DESKTOP-183MPDU" failures="0" tests="1" name="Assessment.PlanitAutomationAssessment.HomePage" time="0.217" errors="0" timestamp="2021-07-23T19:17:40 AEST" skipped="0">
  <testcase classname="Assessment.PlanitAutomationAssessment.HomePage" name="navigateToContact" time="0.217"/>
  <system-out/>
</testsuite> <!-- Assessment.PlanitAutomationAssessment.HomePage -->
