<?xml version="1.0" encoding="UTF-8"?>
<!-- Generated by org.testng.reporters.JUnitReportReporter -->
<testsuite hostname="DESKTOP-183MPDU" failures="0" tests="7" name="Assessment.PlanitAutomationAssessment.ContactPageTest" time="100.231" errors="0" timestamp="2021-07-25T23:50:45 AEST" skipped="0">
  <testcase classname="Assessment.PlanitAutomationAssessment.ContactPageTest" name="navigateToContact" time="0.223"/>
  <system-out/>
  <testcase classname="Assessment.PlanitAutomationAssessment.ContactPageTest" name="validateErrorMessages" time="72.295"/>
  <system-out/>
  <testcase classname="Assessment.PlanitAutomationAssessment.ContactPageTest" name="successfullSubmition" time="2.552"/>
  <system-out/>
  <testcase classname="Assessment.PlanitAutomationAssessment.ContactPageTest" name="successfullSubmition" time="9.459"/>
  <system-out/>
  <testcase classname="Assessment.PlanitAutomationAssessment.ContactPageTest" name="successfullSubmition" time="5.366"/>
  <system-out/>
  <testcase classname="Assessment.PlanitAutomationAssessment.ContactPageTest" name="successfullSubmition" time="3.942"/>
  <system-out/>
  <testcase classname="Assessment.PlanitAutomationAssessment.ContactPageTest" name="successfullSubmition" time="6.394"/>
  <system-out/>
</testsuite> <!-- Assessment.PlanitAutomationAssessment.ContactPageTest -->
